Starting at Wed Sep 20 23:55:10 CDT 2023
Running on hosts: compute-073
Running on 1 nodes.
Running on 14 processors.
Current working directory is /home/ers131/SmithEvanEE4331HW2Submit
/home/ers131/miniconda3/lib/python3.11/site-packages/sklearn/utils/validation.py:605: FutureWarning: is_sparse is deprecated and will be removed in a future version. Check `isinstance(dtype, pd.SparseDtype)` instead.
  if is_sparse(pd_dtype):
/home/ers131/miniconda3/lib/python3.11/site-packages/sklearn/utils/validation.py:614: FutureWarning: is_sparse is deprecated and will be removed in a future version. Check `isinstance(dtype, pd.SparseDtype)` instead.
  if is_sparse(pd_dtype) or not is_extension_array_dtype(pd_dtype):
/home/ers131/miniconda3/lib/python3.11/site-packages/sklearn/utils/validation.py:767: FutureWarning: is_sparse is deprecated and will be removed in a future version. Check `isinstance(dtype, pd.SparseDtype)` instead.
  if not hasattr(array, "sparse") and array.dtypes.apply(is_sparse).any():
/home/ers131/miniconda3/lib/python3.11/site-packages/sklearn/utils/validation.py:605: FutureWarning: is_sparse is deprecated and will be removed in a future version. Check `isinstance(dtype, pd.SparseDtype)` instead.
  if is_sparse(pd_dtype):
/home/ers131/miniconda3/lib/python3.11/site-packages/sklearn/utils/validation.py:614: FutureWarning: is_sparse is deprecated and will be removed in a future version. Check `isinstance(dtype, pd.SparseDtype)` instead.
  if is_sparse(pd_dtype) or not is_extension_array_dtype(pd_dtype):
/home/ers131/miniconda3/lib/python3.11/site-packages/sklearn/utils/validation.py:767: FutureWarning: is_sparse is deprecated and will be removed in a future version. Check `isinstance(dtype, pd.SparseDtype)` instead.
  if not hasattr(array, "sparse") and array.dtypes.apply(is_sparse).any():
/home/ers131/miniconda3/lib/python3.11/site-packages/sklearn/utils/validation.py:605: FutureWarning: is_sparse is deprecated and will be removed in a future version. Check `isinstance(dtype, pd.SparseDtype)` instead.
  if is_sparse(pd_dtype):
/home/ers131/miniconda3/lib/python3.11/site-packages/sklearn/utils/validation.py:614: FutureWarning: is_sparse is deprecated and will be removed in a future version. Check `isinstance(dtype, pd.SparseDtype)` instead.
  if is_sparse(pd_dtype) or not is_extension_array_dtype(pd_dtype):
